<?xml version="1.0" encoding="UTF-8"?>
<testng-results ignored="0" total="1" passed="1" failed="0" skipped="0">
  <reporter-output>
  </reporter-output>
  <suite started-at="2023-08-30T14:46:11 IST" name="Suite" finished-at="2023-08-30T14:46:31 IST" duration-ms="20348">
    <groups>
    </groups>
    <test started-at="2023-08-30T14:46:11 IST" name="Test" finished-at="2023-08-30T14:46:31 IST" duration-ms="20348">
      <class name="test_case.T001_End_To_End_Test">
        <test-method is-config="true" signature="setup()[pri:0, instance:test_case.T001_End_To_End_Test@6adbc9d]" started-at="2023-08-30T14:46:11 IST" name="setup" finished-at="2023-08-30T14:46:17 IST" duration-ms="6361" status="PASS">
          <reporter-output>
          </reporter-output>
        </test-method> <!-- setup -->
        <test-method signature="registration_test()[pri:1, instance:test_case.T001_End_To_End_Test@6adbc9d]" started-at="2023-08-30T14:46:18 IST" name="registration_test" finished-at="2023-08-30T14:46:31 IST" duration-ms="13913" status="PASS">
          <reporter-output>
          </reporter-output>
        </test-method> <!-- registration_test -->
      </class> <!-- test_case.T001_End_To_End_Test -->
    </test> <!-- Test -->
  </suite> <!-- Suite -->
</testng-results>
