<?xml version="1.0" encoding="UTF-8"?>
<testng-results ignored="0" total="1" passed="1" failed="0" skipped="0">
  <reporter-output>
  </reporter-output>
  <suite started-at="2023-08-30T14:43:50 IST" name="Failed suite [Suite]" finished-at="2023-08-30T14:44:13 IST" duration-ms="23352">
    <groups>
    </groups>
    <test started-at="2023-08-30T14:43:50 IST" name="Test(failed)" finished-at="2023-08-30T14:44:13 IST" duration-ms="23352">
      <class name="test_case.T001_End_To_End_Test">
        <test-method is-config="true" signature="setup()[pri:0, instance:test_case.T001_End_To_End_Test@7d9d0818]" started-at="2023-08-30T14:43:50 IST" name="setup" finished-at="2023-08-30T14:43:57 IST" duration-ms="6872" status="PASS">
          <reporter-output>
          </reporter-output>
        </test-method> <!-- setup -->
        <test-method signature="registration_test()[pri:1, instance:test_case.T001_End_To_End_Test@7d9d0818]" started-at="2023-08-30T14:43:57 IST" name="registration_test" finished-at="2023-08-30T14:44:13 IST" duration-ms="16409" status="PASS">
          <reporter-output>
          </reporter-output>
        </test-method> <!-- registration_test -->
      </class> <!-- test_case.T001_End_To_End_Test -->
    </test> <!-- Test(failed) -->
  </suite> <!-- Failed suite [Suite] -->
</testng-results>
